21:51:31 **** Clean-only build of configuration Default for project detect_image_sample ****
/Users/hirokuni/android/ndk/android-ndk-r9c/ndk-build clean 
[armeabi-v7a] Clean          : gnustl_shared [armeabi-v7a]
[armeabi-v7a] Clean          : gnustl_static [armeabi-v7a]
[armeabi-v7a] Clean          : jasper [armeabi-v7a]
[armeabi-v7a] Clean          : jpeg [armeabi-v7a]
[armeabi-v7a] Clean          : native_camera_r2.2.2 [armeabi-v7a]
[armeabi-v7a] Clean          : native_camera_r2.3.3 [armeabi-v7a]
[armeabi-v7a] Clean          : native_sample [armeabi-v7a]
[armeabi-v7a] Clean          : opencv_androidcamera [armeabi-v7a]
[armeabi-v7a] Clean          : opencv_calib3d [armeabi-v7a]
[armeabi-v7a] Clean          : opencv_contrib [armeabi-v7a]
[armeabi-v7a] Clean          : opencv_core [armeabi-v7a]
[armeabi-v7a] Clean          : opencv_features2d [armeabi-v7a]
[armeabi-v7a] Clean          : opencv_flann [armeabi-v7a]
[armeabi-v7a] Clean          : opencv_highgui [armeabi-v7a]
[armeabi-v7a] Clean          : opencv_imgproc [armeabi-v7a]
[armeabi-v7a] Clean          : opencv_legacy [armeabi-v7a]
[armeabi-v7a] Clean          : opencv_ml [armeabi-v7a]
[armeabi-v7a] Clean          : opencv_objdetect [armeabi-v7a]
[armeabi-v7a] Clean          : opencv_video [armeabi-v7a]
[armeabi-v7a] Clean          : png [armeabi-v7a]
[armeabi-v7a] Clean          : tiff [armeabi-v7a]
[armeabi-v7a] Clean          : zlib [armeabi-v7a]

21:51:31 Build Finished (took 265ms)

