23:57:57 **** Build of configuration Default for project detect_image_sample ****
/Users/hirokuni/android/ndk/android-ndk-r9c/ndk-build all 
[armeabi-v7a] Prebuilt       : libnative_camera_r2.2.2.so <= /Users/hirokuni/android/OpenCV-2.3.1-android-bin/OpenCV-2.3.1/share/OpenCV/../../libs/armeabi-v7a/
[armeabi-v7a] Install        : libnative_camera_r2.2.2.so => libs/armeabi-v7a/libnative_camera_r2.2.2.so
[armeabi-v7a] Prebuilt       : libnative_camera_r2.3.3.so <= /Users/hirokuni/android/OpenCV-2.3.1-android-bin/OpenCV-2.3.1/share/OpenCV/../../libs/armeabi-v7a/
[armeabi-v7a] Install        : libnative_camera_r2.3.3.so => libs/armeabi-v7a/libnative_camera_r2.3.3.so
[armeabi-v7a] Compile++ thumb: native_sample <= jni_part.cpp
[armeabi-v7a] SharedLibrary  : libnative_sample.so
[armeabi-v7a] Install        : libnative_sample.so => libs/armeabi-v7a/libnative_sample.so
23:59:43 **** Incremental Build of configuration Default for project detect_image_sample ****
/Users/hirokuni/android/ndk/android-ndk-r9c/ndk-build all 
[armeabi-v7a] Install        : libnative_camera_r2.2.2.so => libs/armeabi-v7a/libnative_camera_r2.2.2.so
[armeabi-v7a] Install        : libnative_camera_r2.3.3.so => libs/armeabi-v7a/libnative_camera_r2.3.3.so
[armeabi-v7a] Install        : libnative_sample.so => libs/armeabi-v7a/libnative_sample.so
00:00:29 **** Incremental Build of configuration Default for project detect_image_sample ****
/Users/hirokuni/android/ndk/android-ndk-r9c/ndk-build all 
[armeabi-v7a] Install        : libnative_camera_r2.2.2.so => libs/armeabi-v7a/libnative_camera_r2.2.2.so
[armeabi-v7a] Install        : libnative_camera_r2.3.3.so => libs/armeabi-v7a/libnative_camera_r2.3.3.so
[armeabi-v7a] Install        : libnative_sample.so => libs/armeabi-v7a/libnative_sample.so
22:59:33 **** Incremental Build of configuration Default for project detect_image_sample ****
/Users/hirokuni/android/ndk/android-ndk-r9c/ndk-build all 
[armeabi-v7a] Install        : libnative_camera_r2.2.2.so => libs/armeabi-v7a/libnative_camera_r2.2.2.so
[armeabi-v7a] Install        : libnative_camera_r2.3.3.so => libs/armeabi-v7a/libnative_camera_r2.3.3.so
[armeabi-v7a] Install        : libnative_sample.so => libs/armeabi-v7a/libnative_sample.so
23:28:32 **** Incremental Build of configuration Default for project detect_image_sample ****
/Users/hirokuni/android/ndk/android-ndk-r9c/ndk-build all 
[armeabi-v7a] Install        : libnative_camera_r2.2.2.so => libs/armeabi-v7a/libnative_camera_r2.2.2.so
[armeabi-v7a] Install        : libnative_camera_r2.3.3.so => libs/armeabi-v7a/libnative_camera_r2.3.3.so
[armeabi-v7a] Install        : libnative_sample.so => libs/armeabi-v7a/libnative_sample.so
23:32:23 **** Clean-only build of configuration Default for project detect_image_sample ****
/Users/hirokuni/android/ndk/android-ndk-r9c/ndk-build clean 
[armeabi-v7a] Clean          : gnustl_shared [armeabi-v7a]
[armeabi-v7a] Clean          : gnustl_static [armeabi-v7a]
[armeabi-v7a] Clean          : jasper [armeabi-v7a]
[armeabi-v7a] Clean          : jpeg [armeabi-v7a]
[armeabi-v7a] Clean          : native_camera_r2.2.2 [armeabi-v7a]
[armeabi-v7a] Clean          : native_camera_r2.3.3 [armeabi-v7a]
[armeabi-v7a] Clean          : native_sample [armeabi-v7a]
[armeabi-v7a] Clean          : opencv_androidcamera [armeabi-v7a]
[armeabi-v7a] Clean          : opencv_calib3d [armeabi-v7a]
[armeabi-v7a] Clean          : opencv_contrib [armeabi-v7a]
[armeabi-v7a] Clean          : opencv_core [armeabi-v7a]
[armeabi-v7a] Clean          : opencv_features2d [armeabi-v7a]
[armeabi-v7a] Clean          : opencv_flann [armeabi-v7a]
[armeabi-v7a] Clean          : opencv_highgui [armeabi-v7a]
[armeabi-v7a] Clean          : opencv_imgproc [armeabi-v7a]
[armeabi-v7a] Clean          : opencv_legacy [armeabi-v7a]
[armeabi-v7a] Clean          : opencv_ml [armeabi-v7a]
[armeabi-v7a] Clean          : opencv_objdetect [armeabi-v7a]
[armeabi-v7a] Clean          : opencv_video [armeabi-v7a]
[armeabi-v7a] Clean          : png [armeabi-v7a]
[armeabi-v7a] Clean          : tiff [armeabi-v7a]
[armeabi-v7a] Clean          : zlib [armeabi-v7a]
23:38:18 **** Build of configuration Default for project detect_image_sample ****
/Users/hirokuni/android/ndk/android-ndk-r9c/ndk-build all 
[armeabi-v7a] Prebuilt       : libnative_camera_r2.2.2.so <= /Users/hirokuni/android/OpenCV-2.3.1-android-bin/OpenCV-2.3.1/share/OpenCV/../../libs/armeabi-v7a/
[armeabi-v7a] Install        : libnative_camera_r2.2.2.so => libs/armeabi-v7a/libnative_camera_r2.2.2.so
[armeabi-v7a] Prebuilt       : libnative_camera_r2.3.3.so <= /Users/hirokuni/android/OpenCV-2.3.1-android-bin/OpenCV-2.3.1/share/OpenCV/../../libs/armeabi-v7a/
[armeabi-v7a] Install        : libnative_camera_r2.3.3.so => libs/armeabi-v7a/libnative_camera_r2.3.3.so
[armeabi-v7a] Compile++ thumb: native_sample <= jni_part.cpp
[armeabi-v7a] SharedLibrary  : libnative_sample.so
[armeabi-v7a] Install        : libnative_sample.so => libs/armeabi-v7a/libnative_sample.so
23:48:52 **** Incremental Build of configuration Default for project detect_image_sample ****
/Users/hirokuni/android/ndk/android-ndk-r9c/ndk-build all 
[armeabi-v7a] Install        : libnative_camera_r2.2.2.so => libs/armeabi-v7a/libnative_camera_r2.2.2.so
[armeabi-v7a] Install        : libnative_camera_r2.3.3.so => libs/armeabi-v7a/libnative_camera_r2.3.3.so
[armeabi-v7a] Install        : libnative_sample.so => libs/armeabi-v7a/libnative_sample.so
00:04:08 **** Build of configuration Default for project detect_image_sample ****
/Users/hirokuni/android/ndk/android-ndk-r9c/ndk-build all 
[armeabi-v7a] Install        : libnative_camera_r2.2.2.so => libs/armeabi-v7a/libnative_camera_r2.2.2.so
[armeabi-v7a] Install        : libnative_camera_r2.3.3.so => libs/armeabi-v7a/libnative_camera_r2.3.3.so
[armeabi-v7a] Install        : libnative_sample.so => libs/armeabi-v7a/libnative_sample.so
00:05:28 **** Incremental Build of configuration Default for project detect_image_sample ****
/Users/hirokuni/android/ndk/android-ndk-r9c/ndk-build all 
[armeabi-v7a] Install        : libnative_camera_r2.2.2.so => libs/armeabi-v7a/libnative_camera_r2.2.2.so
[armeabi-v7a] Install        : libnative_camera_r2.3.3.so => libs/armeabi-v7a/libnative_camera_r2.3.3.so
[armeabi-v7a] Install        : libnative_sample.so => libs/armeabi-v7a/libnative_sample.so
00:20:25 **** Incremental Build of configuration Default for project detect_image_sample ****
/Users/hirokuni/android/ndk/android-ndk-r9c/ndk-build all 
[armeabi-v7a] Install        : libnative_camera_r2.2.2.so => libs/armeabi-v7a/libnative_camera_r2.2.2.so
[armeabi-v7a] Install        : libnative_camera_r2.3.3.so => libs/armeabi-v7a/libnative_camera_r2.3.3.so
[armeabi-v7a] Install        : libnative_sample.so => libs/armeabi-v7a/libnative_sample.so
00:33:59 **** Incremental Build of configuration Default for project detect_image_sample ****
/Users/hirokuni/android/ndk/android-ndk-r9c/ndk-build all 
[armeabi-v7a] Install        : libnative_camera_r2.2.2.so => libs/armeabi-v7a/libnative_camera_r2.2.2.so
[armeabi-v7a] Install        : libnative_camera_r2.3.3.so => libs/armeabi-v7a/libnative_camera_r2.3.3.so
[armeabi-v7a] Install        : libnative_sample.so => libs/armeabi-v7a/libnative_sample.so
08:42:04 **** Incremental Build of configuration Default for project detect_image_sample ****
/Users/hirokuni/android/ndk/android-ndk-r9c/ndk-build all 
[armeabi-v7a] Install        : libnative_camera_r2.2.2.so => libs/armeabi-v7a/libnative_camera_r2.2.2.so
[armeabi-v7a] Install        : libnative_camera_r2.3.3.so => libs/armeabi-v7a/libnative_camera_r2.3.3.so
[armeabi-v7a] Install        : libnative_sample.so => libs/armeabi-v7a/libnative_sample.so
08:43:19 **** Incremental Build of configuration Default for project detect_image_sample ****
/Users/hirokuni/android/ndk/android-ndk-r9c/ndk-build all 
[armeabi-v7a] Install        : libnative_camera_r2.2.2.so => libs/armeabi-v7a/libnative_camera_r2.2.2.so
[armeabi-v7a] Install        : libnative_camera_r2.3.3.so => libs/armeabi-v7a/libnative_camera_r2.3.3.so
[armeabi-v7a] Install        : libnative_sample.so => libs/armeabi-v7a/libnative_sample.so
21:51:15 **** Clean-only build of configuration Default for project detect_image_sample ****
/Users/hirokuni/android/ndk/android-ndk-r9c/ndk-build clean 
[armeabi-v7a] Clean          : gnustl_shared [armeabi-v7a]
[armeabi-v7a] Clean          : gnustl_static [armeabi-v7a]
[armeabi-v7a] Clean          : jasper [armeabi-v7a]
[armeabi-v7a] Clean          : jpeg [armeabi-v7a]
[armeabi-v7a] Clean          : native_camera_r2.2.2 [armeabi-v7a]
[armeabi-v7a] Clean          : native_camera_r2.3.3 [armeabi-v7a]
[armeabi-v7a] Clean          : native_sample [armeabi-v7a]
[armeabi-v7a] Clean          : opencv_androidcamera [armeabi-v7a]
[armeabi-v7a] Clean          : opencv_calib3d [armeabi-v7a]
[armeabi-v7a] Clean          : opencv_contrib [armeabi-v7a]
[armeabi-v7a] Clean          : opencv_core [armeabi-v7a]
[armeabi-v7a] Clean          : opencv_features2d [armeabi-v7a]
[armeabi-v7a] Clean          : opencv_flann [armeabi-v7a]
[armeabi-v7a] Clean          : opencv_highgui [armeabi-v7a]
[armeabi-v7a] Clean          : opencv_imgproc [armeabi-v7a]
[armeabi-v7a] Clean          : opencv_legacy [armeabi-v7a]
[armeabi-v7a] Clean          : opencv_ml [armeabi-v7a]
[armeabi-v7a] Clean          : opencv_objdetect [armeabi-v7a]
[armeabi-v7a] Clean          : opencv_video [armeabi-v7a]
[armeabi-v7a] Clean          : png [armeabi-v7a]
[armeabi-v7a] Clean          : tiff [armeabi-v7a]
[armeabi-v7a] Clean          : zlib [armeabi-v7a]
21:51:31 **** Clean-only build of configuration Default for project detect_image_sample ****
/Users/hirokuni/android/ndk/android-ndk-r9c/ndk-build clean 
[armeabi-v7a] Clean          : gnustl_shared [armeabi-v7a]
[armeabi-v7a] Clean          : gnustl_static [armeabi-v7a]
[armeabi-v7a] Clean          : jasper [armeabi-v7a]
[armeabi-v7a] Clean          : jpeg [armeabi-v7a]
[armeabi-v7a] Clean          : native_camera_r2.2.2 [armeabi-v7a]
[armeabi-v7a] Clean          : native_camera_r2.3.3 [armeabi-v7a]
[armeabi-v7a] Clean          : native_sample [armeabi-v7a]
[armeabi-v7a] Clean          : opencv_androidcamera [armeabi-v7a]
[armeabi-v7a] Clean          : opencv_calib3d [armeabi-v7a]
[armeabi-v7a] Clean          : opencv_contrib [armeabi-v7a]
[armeabi-v7a] Clean          : opencv_core [armeabi-v7a]
[armeabi-v7a] Clean          : opencv_features2d [armeabi-v7a]
[armeabi-v7a] Clean          : opencv_flann [armeabi-v7a]
[armeabi-v7a] Clean          : opencv_highgui [armeabi-v7a]
[armeabi-v7a] Clean          : opencv_imgproc [armeabi-v7a]
[armeabi-v7a] Clean          : opencv_legacy [armeabi-v7a]
[armeabi-v7a] Clean          : opencv_ml [armeabi-v7a]
[armeabi-v7a] Clean          : opencv_objdetect [armeabi-v7a]
[armeabi-v7a] Clean          : opencv_video [armeabi-v7a]
[armeabi-v7a] Clean          : png [armeabi-v7a]
[armeabi-v7a] Clean          : tiff [armeabi-v7a]
[armeabi-v7a] Clean          : zlib [armeabi-v7a]
